0.0 0.0 0.1 1.0
0.1 0.08534256917189081 0.12571323809139906 0.3688398548749565
0.10708111804549822 0.15671628408510596 0.170665209699577 0.5562691794372462
0.11466365841873935 0.260602687455476 0.30943851150020363 0.8580133653528627
0.12278312742665712 0.3518379426637652 0.41201385432236604 1.149668924965396
0.13147754561969321 0.48373163880959313 0.5530610087394486 1.4247703290812466
0.14078762582834745 0.6226769841202067 0.7729193795443143 1.8024158567170045
0.15075696380670722 0.7902031283308211 0.9777122711051087 2.116140039775564
0.16143224237566917 0.9569351579326079 1.2296182706227348 2.392304487730886
0.1728634500217851 1.12756134126653 1.417975686262494 2.7222317291394087
0.1851041149753487 1.184960265591247 1.6673149263314853 3.0253923612051605
0.19821155586382788 1.5858635204785405 1.949152548735211 3.279956167937934
0.21224715011436415 1.8369744416674814 2.21709675912047 3.5060389367699973
0.2272766213621683 2.0848886996765823 2.4696401172199294 3.702419110394493
0.24337034721064346 2.3391565540454207 2.6967911335875496 3.8143912772578052
0.260603688784368 2.438188500105336 2.986017618176121 3.915075474192964
0.2790573436181122 2.743123849479491 3.1963265013396014 4.007789477680058
0.29881772353434227 2.9990539706542476 3.3968363702189666 4.040154998269828
0.31997735927867954 3.265972609483423 3.662381540380474 4.12341356949553
0.3426353338080711 3.4709534596116574 3.878430361438714 4.21055195061092
0.3668977462606075 3.698778782950045 4.12122231905687 4.254359462376039
0.3928782087795936 3.9371766341782117 4.341154314822964 4.484591920621206
0.420698378518316 4.34345109163212 4.803826581506179 5.009532476658364
0.45048852731669486 4.764980156797227 5.359360174239426 5.632690347838139
0.48238815171741645 5.34548624940988 5.840673516294566 6.257123148992466
0.5165466261780237 5.7100276028401495 6.440490842685632 6.701781490954686
0.553123902537728 6.299498626415751 6.925867810921094 7.0784986535539085
0.5922912590142916 6.994202303365822 7.4261356107201335 7.260841662692015
0.6342321022382612 7.483327664803823 8.143299605737575 7.556935326334116
0.6791428260801973 8.06107008822238 8.767512027877673 7.631131015106908
0.7272337312924695 8.886388695882406 9.393123902358614 7.589709668109619
0.7787300102719705 9.386701446111765 9.806552580954417 7.566142537377179
0.8338728015550491 9.658095189741614 10.391952743524964 7.441315425752127
0.892920318982466 10.363824980812854 10.694593849928047 7.32205507256269
0.9561490608218537 10.49680353349929 10.991744276210293 7.200058373585549
1.0238551045095716 10.971838574188055 11.267068511235951 7.110216228573551
1.0963554930747548 11.243926509127183 11.413011168282218 6.955002240179695
1.1739897197376834 11.39011501244542 11.39803510724548 6.714412217283509
1.257121317634321 11.380454667036894 11.32268387904399 6.472995488189002
1.3461395621111312 11.323462932803208 11.159170948507956 6.2164655978762635
1.4414612935613744 11.04498519903497 10.963676663845733 5.951283292378821
1.5435328693386194 10.822706152601796 10.698195116443747 5.680722951570486
1.6528322538875546 10.701612211925143 10.384736074328984 5.454486899244875
1.7698712568794028 10.36808927141986 10.066071592967464 5.205420721604907
1.8951979298323742 10.032733846767378 9.635464538840983 4.8803684416678665
2.029399132439645 9.553387937551014 9.173366040287561 4.48402569430374
2.1731032806220107 9.100380854596052 8.63770837223943 4.123584034792148
2.326983289173452 8.509072717658807 8.090465883566173 3.725543096519056
2.4917597227788435 8.004176858111325 7.538127666330084 3.29063497571075
2.66820417015899 7.3459885635201445 6.932960871389172 2.8811717904848972
2.8571428571428568 6.752492793547888 6.304801352018883 2.5135190486688117
2.9411764705882337 6.533026597281472 6.064755834483648 2.380891593433298
3.3127138085301646 5.525430856736609 5.085527557375919 1.858983234144283
3.7311847442569874 4.5884406559811985 4.153374709632805 1.4290544898060449
4.202518056322255 3.7267102291055223 3.341626961290945 1.0788147593245454
4.73339146256387 2.9569761891587545 2.607235115887939 0.7892501646565
5.331326228132793 2.2952299288484586 1.9988219599639123 0.5659977366116404
6.004793724662948 1.8214838123163042 1.6888310049393618 0.7208127278793951
6.763335450282521 1.683590247718921 1.5448502397093018 1.1402555086513795
7.617698210876649 1.5784331693358735 1.5706728274914754 1.6870954008500612
8.57998637781145 1.7000571486260216 1.8336041370350025 2.3761763922302777
9.663833379264084 1.7418411454975256 1.9407913400455201 2.444214520294087
10.884594854799774 1.826503717095169 2.018803200776725 2.298373396240242
12.259566209755524 2.1631390004682514 2.4668438359599523 2.760441676012751
13.808227651679964 2.5145112060076356 2.6106611641913924 2.9807672543989083
15.552520180436419 2.469142189258374 2.873654648013926 2.896725764855587
17.517156442119774 2.6108758953172764 3.0577692667166554 2.920231512001907
19.72997085087773 2.760141881240386 2.982260293744556 3.1250311512565725
22.22231393906411 2.978868874586424 3.008599188359232 3.564818742279062
25.029496522766227 2.951357080316402 3.5367445332602565 4.251750199360648
28.191289975518657 3.4730168339585727 3.974309035229385 5.175353602971972
31.752489697940764 3.9343365673766417 4.539359793010492 6.271100424838973
35.763549766377274 4.6864015568148005 5.282959742524359 7.500896118906416
40.28129775206541 5.464025211080099 6.212153223492088 8.786734581460188
45.36973983818595 6.383667926148436 7.277861612006047 10.096443819649464
51.10096764146913 7.211561523013815 8.471241908435447 11.357797442663664
57.55617958595032 8.355897527665533 9.728325919534313 12.535082334236156
64.8268312994107 9.788858667311654 11.001966329814897 13.659246254270258
73.01593133099641 10.988795024259899 12.264141267927265 14.613930859470178
82.23950054737995 12.137131653126444 12.655053772450849 15.29140145306871
92.62821588377611 12.550850669106893 14.442644227350778 15.536216923735482
104.32926173801745 13.972544801382105 15.190649719603467 15.271203895067222
117.50841523771803 14.541878581762631 15.622358345468607 14.491124860306533
132.35239492400495 14.799424940063986 15.686114635456468 13.272069508336248
149.07150612730828 14.698696189606055 15.346252636925238 11.733505663643884
167.90262051415 14.18440086704367 14.606803518541678 9.980923109951094
189.11253201831252 13.36913556964645 13.50603886241928 8.162617091518866
213.00173670227682 12.264116819638735 12.111397347441049 6.440414689826814
239.9086901009433 10.900855218828946 10.533794653294407 4.9095684029632425
270.21460236448434 9.405889367244521 8.87833376781104 3.628344341524676
304.3488391365673 7.863505655153834 7.259118146786703 2.6058564850330965
342.7950046860631 6.379395810927832 5.756645133343351 1.82297912624073
386.0977934763527 5.019016571641016 4.430322083234865 1.246292536033856
434.87070724332824 3.83177365556522 3.3101491966602676 0.8351041733069658
489.80474691548494 2.845191987252649 2.4052076805458675 0.5500665858990136
551.6782025207872 2.055533793279831 1.7035735178743585 0.35776526539416065
621.3676797809425 1.4482412940997138 1.1788693033748334 0.22983680058400263
699.8605196147909 0.9972304633349336 0.7986295193605178 0.14633127343866517
788.268786506825 0.6726054054404694 0.530823540990447 0.09241089375629838
887.8450239241222 0.4456249306072627 0.3475797191446299 0.058023663953554606
1000.0 0.2908745431372282 0.22473010823276232 0.03630345085671633
